particle mod_prt_playerlamp_haze {
	{
		count 				12
		material 			textures/darkmod/sfx/moon_haze_01
		time 				0.500
		cycles 				0.000
		timeOffset 			0.000
		bunching 			1.000
		distribution 		rect 0.000 0.000 0.000
		direction 			cone 0.000
		orientation 		view
		speed 				"0.000"
		size 				"20.000" to "120.000"
		aspect 				"1.000"
		rotation 			"0.000"
		randomDistribution 	1
		boundsExpansion 	0.000
		fadeIn 				0.400
		fadeOut 			0.200
		fadeIndex 			0.000
		color 				0.025 0.025 0.015 1.000
		fadeColor 			0.000 0.000 0.000 0.000
		offset 				0.000 0.000 0.000
		gravity 			-999.000
	}
}
